<?xml version="1.0" encoding="UTF-8"?>
<!-- Generated by org.testng.reporters.JUnitReportReporter -->
<testsuite hostname="DESKTOP-M8SDS5R" failures="0" tests="1" name="selenium_api.Test_1" time="0.256" errors="0" timestamp="19 Feb 2021 11:36:01 GMT">
  <testcase classname="selenium_api.Test_1" name="TC_01_Login_And_Add_Customer_success" time="0.256"/>
</testsuite> <!-- selenium_api.Test_1 -->
