<?xml version="1.0" encoding="UTF-8"?>
<!-- Generated by org.testng.reporters.JUnitReportReporter -->
<testsuite hostname="DESKTOP-M8SDS5R" failures="0" tests="1" name="selenium_api.Topic_02_1_Textbox_Textare_Button_II" time="19.902" errors="0" timestamp="19 Feb 2021 10:18:22 GMT">
  <testcase classname="selenium_api.Topic_02_1_Textbox_Textare_Button_II" name="TC_01_Login_And_Add_Customer_success" time="19.902"/>
</testsuite> <!-- selenium_api.Topic_02_1_Textbox_Textare_Button_II -->
