<?xml version="1.0" encoding="UTF-8"?>
<!-- Generated by org.testng.reporters.JUnitReportReporter -->
<testsuite hostname="DESKTOP-M8SDS5R" failures="0" tests="2" name="selenium_api.Topic_02_Textbox_Textarea" time="2.965" errors="0" timestamp="18 Feb 2021 09:35:48 GMT">
  <testcase classname="selenium_api.Topic_02_Textbox_Textarea" name="TC_01_Resgiter_Email_InValid" time="0.230"/>
  <testcase classname="selenium_api.Topic_02_Textbox_Textarea" name="TC_02_Resgiter_Email_Valid" time="2.735"/>
</testsuite> <!-- selenium_api.Topic_02_Textbox_Textarea -->
